--- CLIENTS PAGE DEBUG 2026-03-14T23:07:26.319Z ---
User ID: ad64792f-35f9-4150-accc-f5e0542857d8
User Role: asesor
Total clients in table (admin): 6
Error fetching clients: {"code":"PGRST200","details":"Searched for a foreign key relationship between 'clientes' and 'historial_reasignaciones_clientes' in the schema 'public', but no matches were found.","hint":"Perhaps you meant 'archivos_clientes' instead of 'historial_reasignaciones_clientes'.","message":"Could not find a relationship between 'clientes' and 'historial_reasignaciones_clientes' in the schema cache"}
Raw clients fetched: 0
--- CLIENTS PAGE DEBUG 2026-03-14T23:07:26.352Z ---
User ID: b8e4e909-3251-4e30-832e-61234c9d818c
User Role: admin
Total clients in table (admin): 6
Error fetching clients: {"code":"PGRST200","details":"Searched for a foreign key relationship between 'clientes' and 'historial_reasignaciones_clientes' in the schema 'public', but no matches were found.","hint":"Perhaps you meant 'archivos_clientes' instead of 'historial_reasignaciones_clientes'.","message":"Could not find a relationship between 'clientes' and 'historial_reasignaciones_clientes' in the schema cache"}
Raw clients fetched: 0
--- CLIENTS PAGE DEBUG 2026-03-14T23:07:26.332Z ---
User ID: aec4dcf5-51de-49a7-bfa3-652abf51c0f2
User Role: supervisor
Total clients in table (admin): 6
Supervisor asesores: ["998d2693-6a29-4fbc-91ff-f32fa00f77bb","ad64792f-35f9-4150-accc-f5e0542857d8"]
Error fetching clients: {"code":"PGRST200","details":"Searched for a foreign key relationship between 'clientes' and 'historial_reasignaciones_clientes' in the schema 'public', but no matches were found.","hint":"Perhaps you meant 'archivos_clientes' instead of 'historial_reasignaciones_clientes'.","message":"Could not find a relationship between 'clientes' and 'historial_reasignaciones_clientes' in the schema cache"}
Raw clients fetched: 0
--- CLIENTS PAGE DEBUG 2026-03-14T23:08:27.061Z ---
User ID: b8e4e909-3251-4e30-832e-61234c9d818c
User Role: admin
Total clients in table (admin): 6
Raw clients fetched: 6
--- CLIENTS PAGE DEBUG 2026-03-14T23:08:27.074Z ---
User ID: ad64792f-35f9-4150-accc-f5e0542857d8
User Role: asesor
Total clients in table (admin): 6
Filtering by asesor_id: ad64792f-35f9-4150-accc-f5e0542857d8
Raw clients fetched: 3
--- CLIENTS PAGE DEBUG 2026-03-14T23:08:27.091Z ---
User ID: aec4dcf5-51de-49a7-bfa3-652abf51c0f2
User Role: supervisor
Total clients in table (admin): 6
Supervisor asesores: ["998d2693-6a29-4fbc-91ff-f32fa00f77bb","ad64792f-35f9-4150-accc-f5e0542857d8"]
Raw clients fetched: 6
